#
# A fatal error has been detected by the Java Runtime Environment:
#
#  Internal Error (vmThread.cpp:386), pid=18780, tid=14940
#  fatal error: Unexpected nested VM operation CollectForMetadataAllocation requested by operation ChangeBreakpoints
#
# JRE version: OpenJDK Runtime Environment (16.0.2+7) (build 16.0.2+7-67)
# Java VM: OpenJDK 64-Bit Server VM (16.0.2+7-67, mixed mode, tiered, compressed oops, compressed class ptrs, g1 gc, windows-amd64)
# No core dump will be written. Minidumps are not enabled by default on client versions of Windows
#
# If you would like to submit a bug report, please visit:
#   https://bugreport.java.com/bugreport/crash.jsp
#

---------------  S U M M A R Y ------------

Command Line: -XX:+ShowCodeDetailsInExceptionMessages -agentlib:jdwp=transport=dt_socket,suspend=y,address=localhost:51172 -javaagent:C:\Users\kannans1\eclipse\jee-2021-09\eclipse\configuration\org.eclipse.osgi\415\0\.cp\lib\javaagent-shaded.jar -Dfile.encoding=UTF-8 com.flight.info.display.FlightinfoDisplayApplication

Host: Intel(R) Core(TM) i5-7300U CPU @ 2.60GHz, 4 cores, 15G,  Windows 10 , 64 bit Build 18362 (10.0.18362.1766)
Time: Mon Oct 11 23:35:11 2021 GMT Daylight Time elapsed time: 6.655076 seconds (0d 0h 0m 6s)

---------------  T H R E A D  ---------------

Current thread (0x0000013ff7c38030):  VMThread "VM Thread" [stack: 0x00000010ae200000,0x00000010ae300000] [id=14940]

Stack: [0x00000010ae200000,0x00000010ae300000]
Native frames: (J=compiled Java code, j=interpreted, Vv=VM code, C=native code)
V  [jvm.dll+0x6681ca]
V  [jvm.dll+0x7c9e69]
V  [jvm.dll+0x7cb61e]
V  [jvm.dll+0x7cbc27]
V  [jvm.dll+0x2429b3]
V  [jvm.dll+0x7d118e]
V  [jvm.dll+0x7d0f8d]
V  [jvm.dll+0x211a17]
V  [jvm.dll+0x60e719]
V  [jvm.dll+0x61fa42]
V  [jvm.dll+0x619006]
V  [jvm.dll+0x1c25fc]
V  [jvm.dll+0x61e2c9]
V  [jvm.dll+0x52099b]
V  [jvm.dll+0x52032d]
V  [jvm.dll+0x7d00ab]
V  [jvm.dll+0x7d0da4]
V  [jvm.dll+0x7d12a9]
V  [jvm.dll+0x7d1564]
V  [jvm.dll+0x7d1630]
V  [jvm.dll+0x7795aa]
V  [jvm.dll+0x667066]
C  [ucrtbase.dll+0x210b2]
C  [KERNEL32.DLL+0x17c24]
C  [ntdll.dll+0x6d721]

VM_Operation (0x00000010aedff690): ChangeBreakpoints, mode: safepoint, requested by thread 0x0000013ff7ead490


---------------  P R O C E S S  ---------------

Threads class SMR info:
_java_thread_list=0x0000013ffe6590d0, length=21, elements={
0x0000013fd9206860, 0x0000013ff7c4b010, 0x0000013ff7c4c1b0, 0x0000013ff7c64230,
0x0000013ff7c64b40, 0x0000013ff7c65650, 0x0000013ff7c86170, 0x0000013ff7c8edc0,
0x0000013ff7c917d0, 0x0000013ff7cae500, 0x0000013ff7d38f80, 0x0000013ff7ead490,
0x0000013ff7eaf770, 0x0000013ff7eb0040, 0x0000013ff85fd720, 0x0000013ff8688630,
0x0000013ff988bf00, 0x0000013ff9846190, 0x0000013ffb3373d0, 0x0000013ff9b3a670,
0x0000013ffb2fddb0
}

Java Threads: ( => current thread )
  0x0000013fd9206860 JavaThread "main" [_thread_blocked, id=16704, stack(0x00000010adc00000,0x00000010add00000)]
  0x0000013ff7c4b010 JavaThread "Reference Handler" daemon [_thread_blocked, id=8408, stack(0x00000010ae300000,0x00000010ae400000)]
  0x0000013ff7c4c1b0 JavaThread "Finalizer" daemon [_thread_blocked, id=13636, stack(0x00000010ae400000,0x00000010ae500000)]
  0x0000013ff7c64230 JavaThread "Signal Dispatcher" daemon [_thread_blocked, id=21316, stack(0x00000010ae500000,0x00000010ae600000)]
  0x0000013ff7c64b40 JavaThread "Attach Listener" daemon [_thread_blocked, id=10264, stack(0x00000010ae600000,0x00000010ae700000)]
  0x0000013ff7c65650 JavaThread "Service Thread" daemon [_thread_blocked, id=12672, stack(0x00000010ae700000,0x00000010ae800000)]
  0x0000013ff7c86170 JavaThread "Monitor Deflation Thread" daemon [_thread_blocked, id=12072, stack(0x00000010ae800000,0x00000010ae900000)]
  0x0000013ff7c8edc0 JavaThread "C2 CompilerThread0" daemon [_thread_blocked, id=21404, stack(0x00000010ae900000,0x00000010aea00000)]
  0x0000013ff7c917d0 JavaThread "C1 CompilerThread0" daemon [_thread_blocked, id=18764, stack(0x00000010aea00000,0x00000010aeb00000)]
  0x0000013ff7cae500 JavaThread "Sweeper thread" daemon [_thread_blocked, id=19840, stack(0x00000010aeb00000,0x00000010aec00000)]
  0x0000013ff7d38f80 JavaThread "Common-Cleaner" daemon [_thread_blocked, id=6452, stack(0x00000010aec00000,0x00000010aed00000)]
  0x0000013ff7ead490 JavaThread "JDWP Transport Listener: dt_socket" daemon [_thread_blocked, id=3380, stack(0x00000010aed00000,0x00000010aee00000)]
  0x0000013ff7eaf770 JavaThread "JDWP Event Helper Thread" daemon [_thread_blocked, id=11048, stack(0x00000010aee00000,0x00000010aef00000)]
  0x0000013ff7eb0040 JavaThread "JDWP Command Reader" daemon [_thread_in_native, id=12124, stack(0x00000010aef00000,0x00000010af000000)]
  0x0000013ff85fd720 JavaThread "Notification Thread" daemon [_thread_blocked, id=21448, stack(0x00000010af000000,0x00000010af100000)]
  0x0000013ff8688630 JavaThread "C2 CompilerThread1" daemon [_thread_in_native, id=13724, stack(0x00000010af500000,0x00000010af600000)]
  0x0000013ff988bf00 JavaThread "Thread-0" [_thread_blocked, id=13712, stack(0x00000010af600000,0x00000010af700000)]
  0x0000013ff9846190 JavaThread "restartedMain" [_thread_blocked, id=9240, stack(0x00000010af700000,0x00000010af800000)]
  0x0000013ffb3373d0 JavaThread "Catalina-utility-1" [_thread_blocked, id=20456, stack(0x00000010af800000,0x00000010af900000)]
  0x0000013ff9b3a670 JavaThread "Catalina-utility-2" [_thread_blocked, id=19600, stack(0x00000010af900000,0x00000010afa00000)]
  0x0000013ffb2fddb0 JavaThread "container-0" [_thread_blocked, id=8956, stack(0x00000010afa00000,0x00000010afb00000)]

Other Threads:
=>0x0000013ff7c38030 VMThread "VM Thread" [stack: 0x00000010ae200000,0x00000010ae300000] [id=14940]
  0x0000013fd92077f0 WatcherThread [stack: 0x00000010af100000,0x00000010af200000] [id=12760]
  0x0000013fd92586c0 GCTaskThread "GC Thread#0" [stack: 0x00000010add00000,0x00000010ade00000] [id=21252]
  0x0000013ff86f6f80 GCTaskThread "GC Thread#1" [stack: 0x00000010af200000,0x00000010af300000] [id=2684]
  0x0000013ff8753560 GCTaskThread "GC Thread#2" [stack: 0x00000010af300000,0x00000010af400000] [id=18404]
  0x0000013ff8753870 GCTaskThread "GC Thread#3" [stack: 0x00000010af400000,0x00000010af500000] [id=17536]
  0x0000013fd9269550 ConcurrentGCThread "G1 Main Marker" [stack: 0x00000010ade00000,0x00000010adf00000] [id=15552]
  0x0000013fd9269f50 ConcurrentGCThread "G1 Conc#0" [stack: 0x00000010adf00000,0x00000010ae000000] [id=19988]
  0x0000013ff72244e0 ConcurrentGCThread "G1 Refine#0" [stack: 0x00000010ae000000,0x00000010ae100000] [id=6028]
  0x0000013fd92ae4b0 ConcurrentGCThread "G1 Service" [stack: 0x00000010ae100000,0x00000010ae200000] [id=12492]

Threads with active compile tasks:
C2 CompilerThread0     6724 3359       4       org.eclipse.jdt.launching.internal.org.objectweb.asm.ClassWriter::toByteArray (1535 bytes)
C2 CompilerThread1     6724 3468 %     4       org.eclipse.jdt.launching.internal.org.objectweb.asm.ClassReader::readCode @ 2185 (5109 bytes)

VM state: at safepoint (normal execution)

VM Mutex/Monitor currently owned by a thread:  ([mutex/lock_event])
[0x0000013fd91f85f0] Threads_lock - owner thread: 0x0000013ff7c38030

Heap address: 0x0000000701c00000, size: 4068 MB, Compressed Oops mode: Zero based, Oop shift amount: 3

CDS disabled.
Compressed class space mapped at: 0x0000000800000000-0x0000000840000000, reserved size: 1073741824
Narrow klass base: 0x0000000800000000, Narrow klass shift: 0, Narrow klass range: 0x40000000

GC Precious Log:
 CPUs: 4 total, 4 available
 Memory: 16264M
 Large Page Support: Disabled
 NUMA Support: Disabled
 Compressed Oops: Enabled (Zero based)
 Heap Region Size: 2M
 Heap Min Capacity: 8M
 Heap Initial Capacity: 256M
 Heap Max Capacity: 4068M
 Pre-touch: Disabled
 Parallel Workers: 4
 Concurrent Workers: 1
 Concurrent Refinement Workers: 4
 Periodic GC: Disabled

Heap:
 garbage-first heap   total 151552K, used 19042K [0x0000000701c00000, 0x0000000800000000)
  region size 2048K, 8 young (16384K), 3 survivors (6144K)
 Metaspace       used 35237K, committed 35520K, reserved 1081344K
  class space    used 3878K, committed 4032K, reserved 1048576K

Heap Regions: E=young(eden), S=young(survivor), O=old, HS=humongous(starts), HC=humongous(continues), CS=collection set, F=free, OA=open archive, CA=closed archive, TAMS=top-at-mark-start (previous, next)
|   0|0x0000000701c00000, 0x0000000701e00000, 0x0000000701e00000|100%| O|  |TAMS 0x0000000701e00000, 0x0000000701c00000| Untracked 
|   1|0x0000000701e00000, 0x0000000701f20a00, 0x0000000702000000| 56%| O|  |TAMS 0x0000000701f20a00, 0x0000000701e00000| Untracked 
|   2|0x0000000702000000, 0x0000000702200000, 0x0000000702200000|100%| O|  |TAMS 0x0000000702000000, 0x0000000702000000| Untracked 
|   3|0x0000000702200000, 0x0000000702202200, 0x0000000702400000|  0%| O|  |TAMS 0x0000000702200000, 0x0000000702200000| Untracked 
|   4|0x0000000702400000, 0x0000000702400000, 0x0000000702600000|  0%| F|  |TAMS 0x0000000702400000, 0x0000000702400000| Untracked 
|   5|0x0000000702600000, 0x0000000702600000, 0x0000000702800000|  0%| F|  |TAMS 0x0000000702600000, 0x0000000702600000| Untracked 
|   6|0x0000000702800000, 0x0000000702800000, 0x0000000702a00000|  0%| F|  |TAMS 0x0000000702800000, 0x0000000702800000| Untracked 
|   7|0x0000000702a00000, 0x0000000702a00000, 0x0000000702c00000|  0%| F|  |TAMS 0x0000000702a00000, 0x0000000702a00000| Untracked 
|   8|0x0000000702c00000, 0x0000000702c00000, 0x0000000702e00000|  0%| F|  |TAMS 0x0000000702c00000, 0x0000000702c00000| Untracked 
|   9|0x0000000702e00000, 0x0000000702e00000, 0x0000000703000000|  0%| F|  |TAMS 0x0000000702e00000, 0x0000000702e00000| Untracked 
|  10|0x0000000703000000, 0x0000000703000000, 0x0000000703200000|  0%| F|  |TAMS 0x0000000703000000, 0x0000000703000000| Untracked 
|  11|0x0000000703200000, 0x0000000703200000, 0x0000000703400000|  0%| F|  |TAMS 0x0000000703200000, 0x0000000703200000| Untracked 
|  12|0x0000000703400000, 0x0000000703400000, 0x0000000703600000|  0%| F|  |TAMS 0x0000000703400000, 0x0000000703400000| Untracked 
|  13|0x0000000703600000, 0x0000000703600000, 0x0000000703800000|  0%| F|  |TAMS 0x0000000703600000, 0x0000000703600000| Untracked 
|  14|0x0000000703800000, 0x0000000703800000, 0x0000000703a00000|  0%| F|  |TAMS 0x0000000703800000, 0x0000000703800000| Untracked 
|  15|0x0000000703a00000, 0x0000000703a00000, 0x0000000703c00000|  0%| F|  |TAMS 0x0000000703a00000, 0x0000000703a00000| Untracked 
|  16|0x0000000703c00000, 0x0000000703c00000, 0x0000000703e00000|  0%| F|  |TAMS 0x0000000703c00000, 0x0000000703c00000| Untracked 
|  17|0x0000000703e00000, 0x0000000703e00000, 0x0000000704000000|  0%| F|  |TAMS 0x0000000703e00000, 0x0000000703e00000| Untracked 
|  18|0x0000000704000000, 0x0000000704000000, 0x0000000704200000|  0%| F|  |TAMS 0x0000000704000000, 0x0000000704000000| Untracked 
|  19|0x0000000704200000, 0x0000000704200000, 0x0000000704400000|  0%| F|  |TAMS 0x0000000704200000, 0x0000000704200000| Untracked 
|  20|0x0000000704400000, 0x0000000704400000, 0x0000000704600000|  0%| F|  |TAMS 0x0000000704400000, 0x0000000704400000| Untracked 
|  21|0x0000000704600000, 0x0000000704600000, 0x0000000704800000|  0%| F|  |TAMS 0x0000000704600000, 0x0000000704600000| Untracked 
|  22|0x0000000704800000, 0x0000000704800000, 0x0000000704a00000|  0%| F|  |TAMS 0x0000000704800000, 0x0000000704800000| Untracked 
|  23|0x0000000704a00000, 0x0000000704a00000, 0x0000000704c00000|  0%| F|  |TAMS 0x0000000704a00000, 0x0000000704a00000| Untracked 
|  24|0x0000000704c00000, 0x0000000704c00000, 0x0000000704e00000|  0%| F|  |TAMS 0x0000000704c00000, 0x0000000704c00000| Untracked 
|  25|0x0000000704e00000, 0x0000000704e00000, 0x0000000705000000|  0%| F|  |TAMS 0x0000000704e00000, 0x0000000704e00000| Untracked 
|  26|0x0000000705000000, 0x0000000705000000, 0x0000000705200000|  0%| F|  |TAMS 0x0000000705000000, 0x0000000705000000| Untracked 
|  27|0x0000000705200000, 0x0000000705200000, 0x0000000705400000|  0%| F|  |TAMS 0x0000000705200000, 0x0000000705200000| Untracked 
|  28|0x0000000705400000, 0x0000000705400000, 0x0000000705600000|  0%| F|  |TAMS 0x0000000705400000, 0x0000000705400000| Untracked 
|  29|0x0000000705600000, 0x0000000705775d80, 0x0000000705800000| 73%| S|CS|TAMS 0x0000000705600000, 0x0000000705600000| Complete 
|  30|0x0000000705800000, 0x0000000705a00000, 0x0000000705a00000|100%| S|CS|TAMS 0x0000000705800000, 0x0000000705800000| Complete 
|  31|0x0000000705a00000, 0x0000000705c00000, 0x0000000705c00000|100%| S|CS|TAMS 0x0000000705a00000, 0x0000000705a00000| Complete 
|  32|0x0000000705c00000, 0x0000000705c00000, 0x0000000705e00000|  0%| F|  |TAMS 0x0000000705c00000, 0x0000000705c00000| Untracked 
|  33|0x0000000705e00000, 0x0000000705e00000, 0x0000000706000000|  0%| F|  |TAMS 0x0000000705e00000, 0x0000000705e00000| Untracked 
|  34|0x0000000706000000, 0x0000000706000000, 0x0000000706200000|  0%| F|  |TAMS 0x0000000706000000, 0x0000000706000000| Untracked 
|  35|0x0000000706200000, 0x0000000706200000, 0x0000000706400000|  0%| F|  |TAMS 0x0000000706200000, 0x0000000706200000| Untracked 
|  36|0x0000000706400000, 0x0000000706400000, 0x0000000706600000|  0%| F|  |TAMS 0x0000000706400000, 0x0000000706400000| Untracked 
|  37|0x0000000706600000, 0x0000000706600000, 0x0000000706800000|  0%| F|  |TAMS 0x0000000706600000, 0x0000000706600000| Untracked 
|  38|0x0000000706800000, 0x0000000706800000, 0x0000000706a00000|  0%| F|  |TAMS 0x0000000706800000, 0x0000000706800000| Untracked 
|  39|0x0000000706a00000, 0x0000000706a00000, 0x0000000706c00000|  0%| F|  |TAMS 0x0000000706a00000, 0x0000000706a00000| Untracked 
|  40|0x0000000706c00000, 0x0000000706c00000, 0x0000000706e00000|  0%| F|  |TAMS 0x0000000706c00000, 0x0000000706c00000| Untracked 
|  41|0x0000000706e00000, 0x0000000706e00000, 0x0000000707000000|  0%| F|  |TAMS 0x0000000706e00000, 0x0000000706e00000| Untracked 
|  42|0x0000000707000000, 0x0000000707000000, 0x0000000707200000|  0%| F|  |TAMS 0x0000000707000000, 0x0000000707000000| Untracked 
|  43|0x0000000707200000, 0x0000000707200000, 0x0000000707400000|  0%| F|  |TAMS 0x0000000707200000, 0x0000000707200000| Untracked 
|  44|0x0000000707400000, 0x0000000707400000, 0x0000000707600000|  0%| F|  |TAMS 0x0000000707400000, 0x0000000707400000| Untracked 
|  45|0x0000000707600000, 0x0000000707600000, 0x0000000707800000|  0%| F|  |TAMS 0x0000000707600000, 0x0000000707600000| Untracked 
|  46|0x0000000707800000, 0x0000000707800000, 0x0000000707a00000|  0%| F|  |TAMS 0x0000000707800000, 0x0000000707800000| Untracked 
|  47|0x0000000707a00000, 0x0000000707a00000, 0x0000000707c00000|  0%| F|  |TAMS 0x0000000707a00000, 0x0000000707a00000| Untracked 
|  48|0x0000000707c00000, 0x0000000707c00000, 0x0000000707e00000|  0%| F|  |TAMS 0x0000000707c00000, 0x0000000707c00000| Untracked 
|  49|0x0000000707e00000, 0x0000000707e00000, 0x0000000708000000|  0%| F|  |TAMS 0x0000000707e00000, 0x0000000707e00000| Untracked 
|  50|0x0000000708000000, 0x0000000708000000, 0x0000000708200000|  0%| F|  |TAMS 0x0000000708000000, 0x0000000708000000| Untracked 
|  51|0x0000000708200000, 0x0000000708200000, 0x0000000708400000|  0%| F|  |TAMS 0x0000000708200000, 0x0000000708200000| Untracked 
|  52|0x0000000708400000, 0x0000000708400000, 0x0000000708600000|  0%| F|  |TAMS 0x0000000708400000, 0x0000000708400000| Untracked 
|  53|0x0000000708600000, 0x0000000708600000, 0x0000000708800000|  0%| F|  |TAMS 0x0000000708600000, 0x0000000708600000| Untracked 
|  54|0x0000000708800000, 0x0000000708800000, 0x0000000708a00000|  0%| F|  |TAMS 0x0000000708800000, 0x0000000708800000| Untracked 
|  55|0x0000000708a00000, 0x0000000708a00000, 0x0000000708c00000|  0%| F|  |TAMS 0x0000000708a00000, 0x0000000708a00000| Untracked 
|  56|0x0000000708c00000, 0x0000000708c00000, 0x0000000708e00000|  0%| F|  |TAMS 0x0000000708c00000, 0x0000000708c00000| Untracked 
|  57|0x0000000708e00000, 0x0000000708e00000, 0x0000000709000000|  0%| F|  |TAMS 0x0000000708e00000, 0x0000000708e00000| Untracked 
|  58|0x0000000709000000, 0x0000000709000000, 0x0000000709200000|  0%| F|  |TAMS 0x0000000709000000, 0x0000000709000000| Untracked 
|  59|0x0000000709200000, 0x0000000709200000, 0x0000000709400000|  0%| F|  |TAMS 0x0000000709200000, 0x0000000709200000| Untracked 
|  60|0x0000000709400000, 0x0000000709400000, 0x0000000709600000|  0%| F|  |TAMS 0x0000000709400000, 0x0000000709400000| Untracked 
|  61|0x0000000709600000, 0x0000000709600000, 0x0000000709800000|  0%| F|  |TAMS 0x0000000709600000, 0x0000000709600000| Untracked 
|  62|0x0000000709800000, 0x0000000709800000, 0x0000000709a00000|  0%| F|  |TAMS 0x0000000709800000, 0x0000000709800000| Untracked 
|  63|0x0000000709a00000, 0x0000000709a00000, 0x0000000709c00000|  0%| F|  |TAMS 0x0000000709a00000, 0x0000000709a00000| Untracked 
|  64|0x0000000709c00000, 0x0000000709c00000, 0x0000000709e00000|  0%| F|  |TAMS 0x0000000709c00000, 0x0000000709c00000| Untracked 
|  65|0x0000000709e00000, 0x0000000709e00000, 0x000000070a000000|  0%| F|  |TAMS 0x0000000709e00000, 0x0000000709e00000| Untracked 
|  66|0x000000070a000000, 0x000000070a000000, 0x000000070a200000|  0%| F|  |TAMS 0x000000070a000000, 0x000000070a000000| Untracked 
|  67|0x000000070a200000, 0x000000070a200000, 0x000000070a400000|  0%| F|  |TAMS 0x000000070a200000, 0x000000070a200000| Untracked 
|  68|0x000000070a400000, 0x000000070a400000, 0x000000070a600000|  0%| F|  |TAMS 0x000000070a400000, 0x000000070a400000| Untracked 
|  69|0x000000070a600000, 0x000000070a800000, 0x000000070a800000|100%| E|  |TAMS 0x000000070a600000, 0x000000070a600000| Complete 
|  70|0x000000070a800000, 0x000000070aa00000, 0x000000070aa00000|100%| E|CS|TAMS 0x000000070a800000, 0x000000070a800000| Complete 
| 108|0x000000070f400000, 0x000000070f600000, 0x000000070f600000|100%| E|CS|TAMS 0x000000070f400000, 0x000000070f400000| Complete 
| 109|0x000000070f600000, 0x000000070f800000, 0x000000070f800000|100%| E|CS|TAMS 0x000000070f600000, 0x000000070f600000| Complete 
| 127|0x0000000711a00000, 0x0000000711c00000, 0x0000000711c00000|100%| E|CS|TAMS 0x0000000711a00000, 0x0000000711a00000| Complete 

Card table byte_map: [0x0000013febf50000,0x0000013fec750000] _byte_map_base: 0x0000013fe8742000

Marking Bits (Prev, Next): (CMBitMap*) 0x0000013fd9258d00, (CMBitMap*) 0x0000013fd9258cc0
 Prev Bits: [0x0000013ff0ee0000, 0x0000013ff4e70000)
 Next Bits: [0x0000013fecf50000, 0x0000013ff0ee0000)

Polling page: 0x0000013fd6f70000

Metaspace:

Usage:
  Non-class:     30.62 MB used.
      Class:      3.79 MB used.
       Both:     34.41 MB used.

Virtual space:
  Non-class space:       32.00 MB reserved,      30.75 MB ( 96%) committed,  4 nodes.
      Class space:        1.00 GB reserved,       3.94 MB ( <1%) committed,  1 nodes.
              Both:        1.03 GB reserved,      34.69 MB (  3%) committed. 

Chunk freelists:
   Non-Class:  320.00 KB
       Class:  3.95 MB
        Both:  4.27 MB

MaxMetaspaceSize: 17179869184.00 GB
CompressedClassSpaceSize: 1.00 GB
 - commit_granule_bytes: 65536.
 - commit_granule_words: 8192.
 - virtual_space_node_default_size: 1048576.
 - enlarge_chunks_in_place: 1.
 - new_chunks_are_fully_committed: 0.
 - uncommit_free_chunks: 1.
 - use_allocation_guard: 0.
 - handle_deallocations: 1.


Internal statistics:

num_allocs_failed_limit: 5.
num_arena_births: 282.
num_arena_deaths: 0.
num_vsnodes_births: 5.
num_vsnodes_deaths: 0.
num_space_committed: 555.
num_space_uncommitted: 0.
num_chunks_returned_to_freelist: 5.
num_chunks_taken_from_freelist: 1186.
num_chunk_merges: 5.
num_chunk_splits: 779.
num_chunks_enlarged: 577.
num_purges: 0.

CodeHeap 'non-profiled nmethods': size=120000Kb used=1947Kb max_used=1947Kb free=118052Kb
 bounds [0x0000013fe4220000, 0x0000013fe4490000, 0x0000013feb750000]
CodeHeap 'profiled nmethods': size=120000Kb used=6907Kb max_used=6907Kb free=113092Kb
 bounds [0x0000013fdccf0000, 0x0000013fdd3b0000, 0x0000013fe4220000]
CodeHeap 'non-nmethods': size=5760Kb used=1263Kb max_used=1404Kb free=4496Kb
 bounds [0x0000013fdc750000, 0x0000013fdc9c0000, 0x0000013fdccf0000]
 total_blobs=3952 nmethods=3472 adapters=392
 compilation: enabled
              stopped_count=0, restarted_count=0
 full_count=0

Compilation events (20 events):
Event: 6.559 Thread 0x0000013ff7c917d0 3505       3       java.util.IdentityHashMap::get (60 bytes)
Event: 6.559 Thread 0x0000013ff7c917d0 nmethod 3505 0x0000013fdd3aa310 code [0x0000013fdd3aa500, 0x0000013fdd3aa9a8]
Event: 6.560 Thread 0x0000013ff7c917d0 3506       2       java.lang.invoke.Invokers$Holder::linkToTargetMethod (13 bytes)
Event: 6.560 Thread 0x0000013ff7c917d0 nmethod 3506 0x0000013fdd3aac10 code [0x0000013fdd3aadc0, 0x0000013fdd3aaf58]
Event: 6.560 Thread 0x0000013ff7c917d0 3507       2       org.springframework.context.annotation.CommonAnnotationBeanPostProcessor$$Lambda$384/0x0000000800352688::doWith (13 bytes)
Event: 6.560 Thread 0x0000013ff7c917d0 nmethod 3507 0x0000013fdd3ab090 code [0x0000013fdd3ab240, 0x0000013fdd3ab388]
Event: 6.560 Thread 0x0000013ff7c917d0 3508       2       org.springframework.context.annotation.CommonAnnotationBeanPostProcessor::lambda$buildResourceMetadata$0 (181 bytes)
Event: 6.561 Thread 0x0000013ff7c917d0 nmethod 3508 0x0000013fdd3ab490 code [0x0000013fdd3ab6e0, 0x0000013fdd3abc78]
Event: 6.572 Thread 0x0000013ff7c917d0 3509       2       java.lang.reflect.Proxy$ProxyBuilder::addElementType (19 bytes)
Event: 6.572 Thread 0x0000013ff7c917d0 nmethod 3509 0x0000013fdd3ac010 code [0x0000013fdd3ac1e0, 0x0000013fdd3ac408]
Event: 6.572 Thread 0x0000013ff7c917d0 3510       2       java.lang.reflect.Proxy$ProxyBuilder::getElementType (19 bytes)
Event: 6.573 Thread 0x0000013ff7c917d0 nmethod 3510 0x0000013fdd3ac590 code [0x0000013fdd3ac740, 0x0000013fdd3ac8f8]
Event: 6.573 Thread 0x0000013ff7c917d0 3511       2       java.lang.WeakPairMap$Pair::hashCode (10 bytes)
Event: 6.573 Thread 0x0000013ff7c917d0 nmethod 3511 0x0000013fdd3aca10 code [0x0000013fdd3acbc0, 0x0000013fdd3accf8]
Event: 6.576 Thread 0x0000013ff7c917d0 3512       2       jdk.internal.org.objectweb.asm.SymbolTable$Entry::<init> (18 bytes)
Event: 6.576 Thread 0x0000013ff7c917d0 nmethod 3512 0x0000013fdd3acd90 code [0x0000013fdd3acf40, 0x0000013fdd3ad0c8]
Event: 6.580 Thread 0x0000013ff7c917d0 3513       2       java.lang.invoke.LambdaFormEditor::bindArgumentType (101 bytes)
Event: 6.580 Thread 0x0000013ff7c917d0 nmethod 3513 0x0000013fdd3ad190 code [0x0000013fdd3ad340, 0x0000013fdd3ad488]
Event: 6.582 Thread 0x0000013ff7c917d0 3514       2       java.lang.invoke.LambdaFormEditor::bindArgumentForm (269 bytes)
Event: 6.587 Thread 0x0000013ff7c917d0 nmethod 3514 0x0000013fdd3ad590 code [0x0000013fdd3ad8a0, 0x0000013fdd3ae608]

GC Heap History (16 events):
Event: 1.099 GC heap before
{Heap before GC invocations=0 (full 0):
 garbage-first heap   total 262144K, used 12288K [0x0000000701c00000, 0x0000000800000000)
  region size 2048K, 6 young (12288K), 0 survivors (0K)
 Metaspace       used 10628K, committed 10816K, reserved 1064960K
  class space    used 910K, committed 1024K, reserved 1048576K
}
Event: 1.102 GC heap after
{Heap after GC invocations=1 (full 0):
 garbage-first heap   total 262144K, used 3140K [0x0000000701c00000, 0x0000000800000000)
  region size 2048K, 1 young (2048K), 1 survivors (2048K)
 Metaspace       used 10628K, committed 10816K, reserved 1064960K
  class space    used 910K, committed 1024K, reserved 1048576K
}
Event: 1.331 GC heap before
{Heap before GC invocations=1 (full 0):
 garbage-first heap   total 262144K, used 13380K [0x0000000701c00000, 0x0000000800000000)
  region size 2048K, 7 young (14336K), 1 survivors (2048K)
 Metaspace       used 13135K, committed 13312K, reserved 1064960K
  class space    used 1177K, committed 1280K, reserved 1048576K
}
Event: 1.334 GC heap after
{Heap after GC invocations=2 (full 0):
 garbage-first heap   total 262144K, used 4415K [0x0000000701c00000, 0x0000000800000000)
  region size 2048K, 1 young (2048K), 1 survivors (2048K)
 Metaspace       used 13135K, committed 13312K, reserved 1064960K
  class space    used 1177K, committed 1280K, reserved 1048576K
}
Event: 1.892 GC heap before
{Heap before GC invocations=2 (full 0):
 garbage-first heap   total 262144K, used 31039K [0x0000000701c00000, 0x0000000800000000)
  region size 2048K, 15 young (30720K), 1 survivors (2048K)
 Metaspace       used 17393K, committed 17600K, reserved 1064960K
  class space    used 1690K, committed 1792K, reserved 1048576K
}
Event: 1.896 GC heap after
{Heap after GC invocations=3 (full 0):
 garbage-first heap   total 262144K, used 5449K [0x0000000701c00000, 0x0000000800000000)
  region size 2048K, 2 young (4096K), 2 survivors (4096K)
 Metaspace       used 17393K, committed 17600K, reserved 1064960K
  class space    used 1690K, committed 1792K, reserved 1048576K
}
Event: 2.450 GC heap before
{Heap before GC invocations=3 (full 0):
 garbage-first heap   total 262144K, used 34121K [0x0000000701c00000, 0x0000000800000000)
  region size 2048K, 18 young (36864K), 2 survivors (4096K)
 Metaspace       used 20990K, committed 21248K, reserved 1073152K
  class space    used 2155K, committed 2304K, reserved 1048576K
}
Event: 2.456 GC heap after
{Heap after GC invocations=4 (full 0):
 garbage-first heap   total 262144K, used 6441K [0x0000000701c00000, 0x0000000800000000)
  region size 2048K, 2 young (4096K), 2 survivors (4096K)
 Metaspace       used 20990K, committed 21248K, reserved 1073152K
  class space    used 2155K, committed 2304K, reserved 1048576K
}
Event: 2.727 GC heap before
{Heap before GC invocations=5 (full 0):
 garbage-first heap   total 34816K, used 31017K [0x0000000701c00000, 0x0000000800000000)
  region size 2048K, 15 young (30720K), 2 survivors (4096K)
 Metaspace       used 23447K, committed 23744K, reserved 1073152K
  class space    used 2422K, committed 2560K, reserved 1048576K
}
Event: 2.732 GC heap after
{Heap after GC invocations=6 (full 0):
 garbage-first heap   total 38912K, used 6915K [0x0000000701c00000, 0x0000000800000000)
  region size 2048K, 2 young (4096K), 2 survivors (4096K)
 Metaspace       used 23447K, committed 23744K, reserved 1073152K
  class space    used 2422K, committed 2560K, reserved 1048576K
}
Event: 2.885 GC heap before
{Heap before GC invocations=6 (full 0):
 garbage-first heap   total 38912K, used 25347K [0x0000000701c00000, 0x0000000800000000)
  region size 2048K, 11 young (22528K), 2 survivors (4096K)
 Metaspace       used 25094K, committed 25344K, reserved 1073152K
  class space    used 2635K, committed 2752K, reserved 1048576K
}
Event: 2.893 GC heap after
{Heap after GC invocations=7 (full 0):
 garbage-first heap   total 38912K, used 7307K [0x0000000701c00000, 0x0000000800000000)
  region size 2048K, 1 young (2048K), 1 survivors (2048K)
 Metaspace       used 25094K, committed 25344K, reserved 1073152K
  class space    used 2635K, committed 2752K, reserved 1048576K
}
Event: 3.289 GC heap before
{Heap before GC invocations=7 (full 0):
 garbage-first heap   total 38912K, used 23691K [0x0000000701c00000, 0x0000000800000000)
  region size 2048K, 10 young (20480K), 1 survivors (2048K)
 Metaspace       used 26615K, committed 26816K, reserved 1073152K
  class space    used 2838K, committed 2944K, reserved 1048576K
}
Event: 3.292 GC heap after
{Heap after GC invocations=8 (full 0):
 garbage-first heap   total 151552K, used 7669K [0x0000000701c00000, 0x0000000800000000)
  region size 2048K, 2 young (4096K), 2 survivors (4096K)
 Metaspace       used 26615K, committed 26816K, reserved 1073152K
  class space    used 2838K, committed 2944K, reserved 1048576K
}
Event: 6.239 GC heap before
{Heap before GC invocations=8 (full 0):
 garbage-first heap   total 151552K, used 93685K [0x0000000701c00000, 0x0000000800000000)
  region size 2048K, 44 young (90112K), 2 survivors (4096K)
 Metaspace       used 34468K, committed 34816K, reserved 1081344K
  class space    used 3778K, committed 3968K, reserved 1048576K
}
Event: 6.249 GC heap after
{Heap after GC invocations=9 (full 0):
 garbage-first heap   total 151552K, used 10850K [0x0000000701c00000, 0x0000000800000000)
  region size 2048K, 3 young (6144K), 3 survivors (6144K)
 Metaspace       used 34468K, committed 34816K, reserved 1081344K
  class space    used 3778K, committed 3968K, reserved 1048576K
}

Deoptimization events (20 events):
Event: 6.562 Thread 0x0000013ff9846190 DEOPT PACKING pc=0x0000013fdd17b4dc sp=0x00000010af7f9830
Event: 6.562 Thread 0x0000013ff9846190 DEOPT UNPACKING pc=0x0000013fdc79dece sp=0x00000010af7f8df0 mode 1
Event: 6.570 Thread 0x0000013ff9846190 DEOPT PACKING pc=0x0000013fdd17cd69 sp=0x00000010af7fc950
Event: 6.570 Thread 0x0000013ff9846190 DEOPT UNPACKING pc=0x0000013fdc79dece sp=0x00000010af7fbe28 mode 1
Event: 6.570 Thread 0x0000013ff9846190 DEOPT PACKING pc=0x0000013fdd25bf8c sp=0x00000010af7fc9e0
Event: 6.570 Thread 0x0000013ff9846190 DEOPT UNPACKING pc=0x0000013fdc79dece sp=0x00000010af7fbf78 mode 1
Event: 6.570 Thread 0x0000013ff9846190 DEOPT PACKING pc=0x0000013fdd17b4dc sp=0x00000010af7fcb30
Event: 6.570 Thread 0x0000013ff9846190 DEOPT UNPACKING pc=0x0000013fdc79dece sp=0x00000010af7fc0f0 mode 1
Event: 6.647 Thread 0x0000013ff9846190 DEOPT PACKING pc=0x0000013fdd17cd69 sp=0x00000010af7f8ac0
Event: 6.647 Thread 0x0000013ff9846190 DEOPT UNPACKING pc=0x0000013fdc79dece sp=0x00000010af7f7f98 mode 1
Event: 6.647 Thread 0x0000013ff9846190 DEOPT PACKING pc=0x0000013fdd25bf8c sp=0x00000010af7f8b50
Event: 6.647 Thread 0x0000013ff9846190 DEOPT UNPACKING pc=0x0000013fdc79dece sp=0x00000010af7f80e8 mode 1
Event: 6.647 Thread 0x0000013ff9846190 DEOPT PACKING pc=0x0000013fdd17b4dc sp=0x00000010af7f8ca0
Event: 6.647 Thread 0x0000013ff9846190 DEOPT UNPACKING pc=0x0000013fdc79dece sp=0x00000010af7f8260 mode 1
Event: 6.647 Thread 0x0000013ff9846190 DEOPT PACKING pc=0x0000013fdd17cd69 sp=0x00000010af7f8a20
Event: 6.647 Thread 0x0000013ff9846190 DEOPT UNPACKING pc=0x0000013fdc79dece sp=0x00000010af7f7ef8 mode 1
Event: 6.647 Thread 0x0000013ff9846190 DEOPT PACKING pc=0x0000013fdd25bf8c sp=0x00000010af7f8ab0
Event: 6.647 Thread 0x0000013ff9846190 DEOPT UNPACKING pc=0x0000013fdc79dece sp=0x00000010af7f8048 mode 1
Event: 6.647 Thread 0x0000013ff9846190 DEOPT PACKING pc=0x0000013fdd17b4dc sp=0x00000010af7f8c00
Event: 6.647 Thread 0x0000013ff9846190 DEOPT UNPACKING pc=0x0000013fdc79dece sp=0x00000010af7f81c0 mode 1

Classes unloaded (0 events):
No events

Classes redefined (0 events):
No events

Internal exceptions (20 events):
Event: 5.170 Thread 0x0000013ff9846190 Exception <a 'java/lang/ClassNotFoundException'{0x0000000708152f88}: org/springframework/beans/factory/AwareCustomizer> (0x0000000708152f88) 
thrown [t:\workspace\open\src\hotspot\share\classfile\systemDictionary.cpp, line 256]
Event: 5.171 Thread 0x0000013ff9846190 Exception <a 'java/lang/ClassNotFoundException'{0x0000000708156550}: org/springframework/core/OrderedCustomizer> (0x0000000708156550) 
thrown [t:\workspace\open\src\hotspot\share\classfile\systemDictionary.cpp, line 256]
Event: 5.172 Thread 0x0000013ff9846190 Exception <a 'java/lang/ClassNotFoundException'{0x000000070815a980}: org/springframework/beans/factory/BeanClassLoaderAwareCustomizer> (0x000000070815a980) 
thrown [t:\workspace\open\src\hotspot\share\classfile\systemDictionary.cpp, line 256]
Event: 5.173 Thread 0x0000013ff9846190 Exception <a 'java/lang/ClassNotFoundException'{0x000000070815eef0}: org/springframework/beans/factory/AwareCustomizer> (0x000000070815eef0) 
thrown [t:\workspace\open\src\hotspot\share\classfile\systemDictionary.cpp, line 256]
Event: 5.174 Thread 0x0000013ff9846190 Exception <a 'java/lang/ClassNotFoundException'{0x0000000708162800}: org/springframework/aop/framework/AopInfrastructureBeanCustomizer> (0x0000000708162800) 
thrown [t:\workspace\open\src\hotspot\share\classfile\systemDictionary.cpp, line 256]
Event: 5.243 Thread 0x0000013ff9846190 Exception <a 'java/lang/NoSuchMethodError'{0x0000000707c2cae0}: 'int java.lang.invoke.DirectMethodHandle$Holder.invokeSpecial(java.lang.Object, java.lang.Object, java.lang.Object, java.lang.Object, java.lang.Object)'> (0x0000000707c2cae0) 
thrown [t:\workspace\open\src\hotspot\share\interpreter\linkResolver.cpp, line 790]
Event: 5.426 Thread 0x0000013ff9846190 Exception <a 'java/lang/NoSuchMethodError'{0x0000000707743098}: 'void java.lang.invoke.DirectMethodHandle$Holder.invokeInterface(java.lang.Object, java.lang.Object, int)'> (0x0000000707743098) 
thrown [t:\workspace\open\src\hotspot\share\interpreter\linkResolver.cpp, line 790]
Event: 5.432 Thread 0x0000013ff9846190 Exception <a 'java/lang/NoSuchMethodError'{0x000000070775daa8}: 'int java.lang.invoke.DirectMethodHandle$Holder.invokeVirtual(java.lang.Object, java.lang.Object)'> (0x000000070775daa8) 
thrown [t:\workspace\open\src\hotspot\share\interpreter\linkResolver.cpp, line 790]
Event: 5.440 Thread 0x0000013ff9846190 Exception <a 'java/lang/IncompatibleClassChangeError'{0x0000000707799640}: Found class java.lang.Object, but interface was expected> (0x0000000707799640) 
thrown [t:\workspace\open\src\hotspot\share\interpreter\linkResolver.cpp, line 857]
Event: 5.441 Thread 0x0000013ff9846190 Exception <a 'java/lang/NoSuchMethodError'{0x000000070779ea78}: 'void java.lang.invoke.DirectMethodHandle$Holder.invokeStatic(java.lang.Object, int, java.lang.Object)'> (0x000000070779ea78) 
thrown [t:\workspace\open\src\hotspot\share\interpreter\linkResolver.cpp, line 790]
Event: 5.453 Thread 0x0000013ff9846190 Exception <a 'java/lang/NoSuchMethodError'{0x00000007077cefb8}: 'int java.lang.invoke.DirectMethodHandle$Holder.invokeSpecial(java.lang.Object, java.lang.Object, int)'> (0x00000007077cefb8) 
thrown [t:\workspace\open\src\hotspot\share\interpreter\linkResolver.cpp, line 790]
Event: 5.636 Thread 0x0000013ff9846190 Exception <a 'java/lang/NoSuchMethodError'{0x00000007071012b0}: 'java.lang.Object java.lang.invoke.DirectMethodHandle$Holder.invokeStaticInit(java.lang.Object, int, int, int, int)'> (0x00000007071012b0) 
thrown [t:\workspace\open\src\hotspot\share\interpreter\linkResolver.cpp, line 790]
Event: 5.779 Thread 0x0000013ff9846190 Exception <a 'java/lang/NoSuchMethodError'{0x0000000707181140}: 'java.lang.Object java.lang.invoke.DirectMethodHandle$Holder.invokeStaticInit(java.lang.Object, java.lang.Object, int, int, int, int)'> (0x0000000707181140) 
thrown [t:\workspace\open\src\hotspot\share\interpreter\linkResolver.cpp, line 790]
Event: 6.120 Thread 0x0000013ff9846190 Exception <a 'sun/nio/fs/WindowsException'{0x000000070615dfa8}> (0x000000070615dfa8) 
thrown [t:\workspace\open\src\hotspot\share\prims\jni.cpp, line 579]
Event: 6.122 Thread 0x0000013ff9846190 Exception <a 'sun/nio/fs/WindowsException'{0x0000000706163e30}> (0x0000000706163e30) 
thrown [t:\workspace\open\src\hotspot\share\prims\jni.cpp, line 579]
Event: 6.123 Thread 0x0000013ff9846190 Exception <a 'sun/nio/fs/WindowsException'{0x0000000706164528}> (0x0000000706164528) 
thrown [t:\workspace\open\src\hotspot\share\prims\jni.cpp, line 579]
Event: 6.223 Thread 0x0000013ff9846190 Implicit null exception at 0x0000013fe437df80 to 0x0000013fe437fd10
Event: 6.385 Thread 0x0000013ff9846190 Exception <a 'java/io/FileNotFoundException'{0x000000070f7bd320}> (0x000000070f7bd320) 
thrown [t:\workspace\open\src\hotspot\share\prims\jni.cpp, line 579]
Event: 6.417 Thread 0x0000013ff9846190 Exception <a 'java/lang/NoSuchMethodError'{0x000000070f4dd060}: 'int java.lang.invoke.DirectMethodHandle$Holder.invokeInterface(java.lang.Object, java.lang.Object, java.lang.Object, java.lang.Object)'> (0x000000070f4dd060) 
thrown [t:\workspace\open\src\hotspot\share\interpreter\linkResolver.cpp, line 790]
Event: 6.520 Thread 0x0000013ff9846190 Exception <a 'java/io/FileNotFoundException'{0x000000070a691580}> (0x000000070a691580) 
thrown [t:\workspace\open\src\hotspot\share\prims\jni.cpp, line 579]

Events (20 events):
Event: 6.493 loading class java/io/EOFException
Event: 6.493 loading class java/io/EOFException done
Event: 6.525 Executing  VM operation: HandshakeAllThreads
Event: 6.525 Executing  VM operation: HandshakeAllThreads done
Event: 6.526 loading class java/util/concurrent/ScheduledThreadPoolExecutor$ScheduledFutureTask
Event: 6.527 loading class java/util/concurrent/ScheduledThreadPoolExecutor$ScheduledFutureTask done
Event: 6.527 loading class java/util/concurrent/Executors
Event: 6.527 loading class java/util/concurrent/Executors done
Event: 6.527 loading class java/util/concurrent/Executors$RunnableAdapter
Event: 6.531 loading class java/util/concurrent/Executors$RunnableAdapter done
Event: 6.531 loading class java/util/concurrent/ThreadPoolExecutor$Worker
Event: 6.532 loading class java/util/concurrent/ThreadPoolExecutor$Worker done
Event: 6.536 loading class java/lang/Thread$State
Event: 6.536 loading class java/lang/Thread$State done
Event: 6.537 Thread 0x0000013ffb3373d0 Thread added: 0x0000013ffb3373d0
Event: 6.540 Thread 0x0000013ff9b3a670 Thread added: 0x0000013ff9b3a670
Event: 6.553 Thread 0x0000013ffb2fddb0 Thread added: 0x0000013ffb2fddb0
Event: 6.563 Executing  VM operation: ChangeBreakpoints
Event: 6.567 Executing  VM operation: ChangeBreakpoints done
Event: 6.649 Executing  VM operation: ChangeBreakpoints


Dynamic libraries:
0x00007ff7c2a70000 - 0x00007ff7c2a7e000 	C:\Users\kannans1\.p2\pool\plugins\org.eclipse.justj.openjdk.hotspot.jre.full.win32.x86_64_16.0.2.v20210721-1149\jre\bin\javaw.exe
0x00007ffb15580000 - 0x00007ffb15770000 	C:\WINDOWS\SYSTEM32\ntdll.dll
0x00007ffb14f30000 - 0x00007ffb14fe3000 	C:\WINDOWS\System32\KERNEL32.DLL
0x00007ffb13080000 - 0x00007ffb13326000 	C:\WINDOWS\System32\KERNELBASE.dll
0x00007ffb12d80000 - 0x00007ffb12e7a000 	C:\WINDOWS\System32\ucrtbase.dll
0x00007ffb0a1a0000 - 0x00007ffb0a1b8000 	C:\Users\kannans1\.p2\pool\plugins\org.eclipse.justj.openjdk.hotspot.jre.full.win32.x86_64_16.0.2.v20210721-1149\jre\bin\jli.dll
0x00007ffb0a180000 - 0x00007ffb0a199000 	C:\Users\kannans1\.p2\pool\plugins\org.eclipse.justj.openjdk.hotspot.jre.full.win32.x86_64_16.0.2.v20210721-1149\jre\bin\VCRUNTIME140.dll
0x00007ffb15310000 - 0x00007ffb154a4000 	C:\WINDOWS\System32\USER32.dll
0x00007ffb118b0000 - 0x00007ffb11b34000 	C:\WINDOWS\WinSxS\amd64_microsoft.windows.common-controls_6595b64144ccf1df_6.0.18362.1801_none_9e79a739e46243f0\COMCTL32.dll
0x00007ffb12d50000 - 0x00007ffb12d71000 	C:\WINDOWS\System32\win32u.dll
0x00007ffb144d0000 - 0x00007ffb1456e000 	C:\WINDOWS\System32\msvcrt.dll
0x00007ffb14570000 - 0x00007ffb14596000 	C:\WINDOWS\System32\GDI32.dll
0x00007ffb13fc0000 - 0x00007ffb142f6000 	C:\WINDOWS\System32\combase.dll
0x00007ffb13480000 - 0x00007ffb13618000 	C:\WINDOWS\System32\gdi32full.dll
0x00007ffb145a0000 - 0x00007ffb146bf000 	C:\WINDOWS\System32\RPCRT4.dll
0x00007ffb13330000 - 0x00007ffb133ce000 	C:\WINDOWS\System32\msvcp_win.dll
0x00007ffb12fd0000 - 0x00007ffb13054000 	C:\WINDOWS\System32\bcryptPrimitives.dll
0x00007ffb15510000 - 0x00007ffb1553e000 	C:\WINDOWS\System32\IMM32.DLL
0x00007ffae4960000 - 0x00007ffae4a04000 	C:\Program Files\McAfee\Endpoint Security\Threat Prevention\Ips\EpMPApi.dll
0x00007ffb13620000 - 0x00007ffb136c3000 	C:\WINDOWS\System32\ADVAPI32.dll
0x00007ffb13f20000 - 0x00007ffb13fb7000 	C:\WINDOWS\System32\sechost.dll
0x00007ffb13420000 - 0x00007ffb1347c000 	C:\WINDOWS\System32\WINTRUST.dll
0x00007ffb124d0000 - 0x00007ffb124e2000 	C:\WINDOWS\System32\MSASN1.dll
0x00007ffb12e80000 - 0x00007ffb12fca000 	C:\WINDOWS\System32\CRYPT32.dll
0x000000005de20000 - 0x000000005de2c000 	C:\Program Files\McAfee\Endpoint Security\Threat Prevention\Ips\EpMPThe.dll
0x00007ffb109a0000 - 0x00007ffb109ac000 	C:\Users\kannans1\.p2\pool\plugins\org.eclipse.justj.openjdk.hotspot.jre.full.win32.x86_64_16.0.2.v20210721-1149\jre\bin\vcruntime140_1.dll
0x00007ffafd5e0000 - 0x00007ffafd671000 	C:\Users\kannans1\.p2\pool\plugins\org.eclipse.justj.openjdk.hotspot.jre.full.win32.x86_64_16.0.2.v20210721-1149\jre\bin\msvcp140.dll
0x00007ffaa51b0000 - 0x00007ffaa5d5b000 	C:\Users\kannans1\.p2\pool\plugins\org.eclipse.justj.openjdk.hotspot.jre.full.win32.x86_64_16.0.2.v20210721-1149\jre\bin\server\jvm.dll
0x00007ffb14ff0000 - 0x00007ffb14ff8000 	C:\WINDOWS\System32\PSAPI.DLL
0x00007ffafa540000 - 0x00007ffafa549000 	C:\WINDOWS\SYSTEM32\WSOCK32.dll
0x00007ffb0be30000 - 0x00007ffb0be54000 	C:\WINDOWS\SYSTEM32\WINMM.dll
0x0000013fd88a0000 - 0x0000013fd890f000 	C:\WINDOWS\System32\WS2_32.dll
0x00007ffb00290000 - 0x00007ffb0029a000 	C:\WINDOWS\SYSTEM32\VERSION.dll
0x00007ffb0be00000 - 0x00007ffb0be2d000 	C:\WINDOWS\SYSTEM32\winmmbase.dll
0x00007ffb133d0000 - 0x00007ffb1341a000 	C:\WINDOWS\System32\cfgmgr32.dll
0x00007ffb124b0000 - 0x00007ffb124c1000 	C:\WINDOWS\System32\kernel.appcore.dll
0x00007ffaf9f90000 - 0x00007ffaf9f9a000 	C:\Users\kannans1\.p2\pool\plugins\org.eclipse.justj.openjdk.hotspot.jre.full.win32.x86_64_16.0.2.v20210721-1149\jre\bin\jimage.dll
0x00007ffb11e20000 - 0x00007ffb12014000 	C:\WINDOWS\SYSTEM32\DBGHELP.DLL
0x00007ffb11df0000 - 0x00007ffb11e1a000 	C:\WINDOWS\SYSTEM32\dbgcore.DLL
0x00007ffb08410000 - 0x00007ffb0844b000 	C:\Users\kannans1\.p2\pool\plugins\org.eclipse.justj.openjdk.hotspot.jre.full.win32.x86_64_16.0.2.v20210721-1149\jre\bin\jdwp.dll
0x00007ffb0a1d0000 - 0x00007ffb0a1de000 	C:\Users\kannans1\.p2\pool\plugins\org.eclipse.justj.openjdk.hotspot.jre.full.win32.x86_64_16.0.2.v20210721-1149\jre\bin\instrument.dll
0x00007ffadadb0000 - 0x00007ffadadd5000 	C:\Users\kannans1\.p2\pool\plugins\org.eclipse.justj.openjdk.hotspot.jre.full.win32.x86_64_16.0.2.v20210721-1149\jre\bin\java.dll
0x00007ffada910000 - 0x00007ffada928000 	C:\Users\kannans1\.p2\pool\plugins\org.eclipse.justj.openjdk.hotspot.jre.full.win32.x86_64_16.0.2.v20210721-1149\jre\bin\zip.dll
0x00007ffb13830000 - 0x00007ffb13f17000 	C:\WINDOWS\System32\SHELL32.dll
0x00007ffb14e80000 - 0x00007ffb14f29000 	C:\WINDOWS\System32\shcore.dll
0x00007ffb124f0000 - 0x00007ffb12c6b000 	C:\WINDOWS\System32\windows.storage.dll
0x00007ffb12490000 - 0x00007ffb124ae000 	C:\WINDOWS\System32\profapi.dll
0x00007ffb12440000 - 0x00007ffb1248a000 	C:\WINDOWS\System32\powrprof.dll
0x00007ffb12430000 - 0x00007ffb12440000 	C:\WINDOWS\System32\UMPDC.dll
0x00007ffb14c50000 - 0x00007ffb14ca2000 	C:\WINDOWS\System32\shlwapi.dll
0x00007ffb13060000 - 0x00007ffb13077000 	C:\WINDOWS\System32\cryptsp.dll
0x00007ffb0a160000 - 0x00007ffb0a16c000 	C:\Users\kannans1\.p2\pool\plugins\org.eclipse.justj.openjdk.hotspot.jre.full.win32.x86_64_16.0.2.v20210721-1149\jre\bin\dt_socket.dll
0x00007ffb11260000 - 0x00007ffb1129a000 	C:\WINDOWS\SYSTEM32\IPHLPAPI.DLL
0x00007ffb11520000 - 0x00007ffb11587000 	C:\WINDOWS\system32\mswsock.dll
0x00007ffb112a0000 - 0x00007ffb1136a000 	C:\WINDOWS\SYSTEM32\DNSAPI.dll
0x00007ffb15150000 - 0x00007ffb15158000 	C:\WINDOWS\System32\NSI.dll
0x00007ffaff960000 - 0x00007ffaff96a000 	C:\Windows\System32\rasadhlp.dll
0x00007ffb08cb0000 - 0x00007ffb08d27000 	C:\WINDOWS\System32\fwpuclnt.dll
0x00007ffb12d20000 - 0x00007ffb12d46000 	C:\WINDOWS\System32\bcrypt.dll
0x00007ffad9710000 - 0x00007ffad9729000 	C:\Users\kannans1\.p2\pool\plugins\org.eclipse.justj.openjdk.hotspot.jre.full.win32.x86_64_16.0.2.v20210721-1149\jre\bin\net.dll
0x00007ffb025a0000 - 0x00007ffb02699000 	C:\WINDOWS\SYSTEM32\WINHTTP.dll
0x00007ffad93c0000 - 0x00007ffad93d3000 	C:\Users\kannans1\.p2\pool\plugins\org.eclipse.justj.openjdk.hotspot.jre.full.win32.x86_64_16.0.2.v20210721-1149\jre\bin\nio.dll
0x00007ffaec2f0000 - 0x00007ffaec300000 	C:\Users\kannans1\.p2\pool\plugins\org.eclipse.justj.openjdk.hotspot.jre.full.win32.x86_64_16.0.2.v20210721-1149\jre\bin\verify.dll
0x00007ffb05650000 - 0x00007ffb05659000 	C:\Users\kannans1\.p2\pool\plugins\org.eclipse.justj.openjdk.hotspot.jre.full.win32.x86_64_16.0.2.v20210721-1149\jre\bin\management.dll
0x00007ffaf9fa0000 - 0x00007ffaf9fab000 	C:\Users\kannans1\.p2\pool\plugins\org.eclipse.justj.openjdk.hotspot.jre.full.win32.x86_64_16.0.2.v20210721-1149\jre\bin\management_ext.dll
0x00007ffaec7e0000 - 0x00007ffaec7f6000 	C:\WINDOWS\system32\napinsp.dll
0x00007ffaec800000 - 0x00007ffaec81a000 	C:\WINDOWS\system32\pnrpnsp.dll
0x00007ffaec7d0000 - 0x00007ffaec7de000 	C:\WINDOWS\System32\winrnr.dll
0x00007ffb09fb0000 - 0x00007ffb09fcc000 	C:\WINDOWS\system32\NLAapi.dll
0x00007ffb09410000 - 0x00007ffb09425000 	C:\WINDOWS\system32\wshbth.dll
0x00007ffb10e60000 - 0x00007ffb10e93000 	C:\WINDOWS\system32\rsaenh.dll
0x00007ffb12350000 - 0x00007ffb12375000 	C:\WINDOWS\SYSTEM32\USERENV.dll
0x00007ffb117d0000 - 0x00007ffb117dc000 	C:\WINDOWS\SYSTEM32\CRYPTBASE.dll
0x00007ffb075d0000 - 0x00007ffb075e6000 	C:\WINDOWS\SYSTEM32\dhcpcsvc6.DLL
0x00007ffb072f0000 - 0x00007ffb0730c000 	C:\WINDOWS\SYSTEM32\dhcpcsvc.DLL

dbghelp: loaded successfully - version: 4.0.5 - missing functions: none
symbol engine: initialized successfully - sym options: 0x614 - pdb path: .;C:\Users\kannans1\.p2\pool\plugins\org.eclipse.justj.openjdk.hotspot.jre.full.win32.x86_64_16.0.2.v20210721-1149\jre\bin;C:\WINDOWS\SYSTEM32;C:\WINDOWS\WinSxS\amd64_microsoft.windows.common-controls_6595b64144ccf1df_6.0.18362.1801_none_9e79a739e46243f0;C:\Program Files\McAfee\Endpoint Security\Threat Prevention\Ips;C:\Users\kannans1\.p2\pool\plugins\org.eclipse.justj.openjdk.hotspot.jre.full.win32.x86_64_16.0.2.v20210721-1149\jre\bin\server

VM Arguments:
jvm_args: -XX:+ShowCodeDetailsInExceptionMessages -agentlib:jdwp=transport=dt_socket,suspend=y,address=localhost:51172 -javaagent:C:\Users\kannans1\eclipse\jee-2021-09\eclipse\configuration\org.eclipse.osgi\415\0\.cp\lib\javaagent-shaded.jar -Dfile.encoding=UTF-8 
java_command: com.flight.info.display.FlightinfoDisplayApplication
java_class_path (initial): C:\Users\kannans1\eclipse-workspace\flightinfo-display\target\classes;C:\Users\kannans1\.m2\repository\org\springframework\boot\spring-boot-starter-web\2.5.5\spring-boot-starter-web-2.5.5.jar;C:\Users\kannans1\.m2\repository\org\springframework\boot\spring-boot-starter\2.5.5\spring-boot-starter-2.5.5.jar;C:\Users\kannans1\.m2\repository\org\springframework\boot\spring-boot-starter-logging\2.5.5\spring-boot-starter-logging-2.5.5.jar;C:\Users\kannans1\.m2\repository\ch\qos\logback\logback-classic\1.2.6\logback-classic-1.2.6.jar;C:\Users\kannans1\.m2\repository\ch\qos\logback\logback-core\1.2.6\logback-core-1.2.6.jar;C:\Users\kannans1\.m2\repository\org\apache\logging\log4j\log4j-to-slf4j\2.14.1\log4j-to-slf4j-2.14.1.jar;C:\Users\kannans1\.m2\repository\org\apache\logging\log4j\log4j-api\2.14.1\log4j-api-2.14.1.jar;C:\Users\kannans1\.m2\repository\org\slf4j\jul-to-slf4j\1.7.32\jul-to-slf4j-1.7.32.jar;C:\Users\kannans1\.m2\repository\jakarta\annotation\jakarta.annotation-api\1.3.5\jakarta.annotation-api-1.3.5.jar;C:\Users\kannans1\.m2\repository\org\yaml\snakeyaml\1.28\snakeyaml-1.28.jar;C:\Users\kannans1\.m2\repository\org\springframework\boot\spring-boot-starter-json\2.5.5\spring-boot-starter-json-2.5.5.jar;C:\Users\kannans1\.m2\repository\com\fasterxml\jackson\core\jackson-databind\2.12.5\jackson-databind-2.12.5.jar;C:\Users\kannans1\.m2\repository\com\fasterxml\jackson\core\jackson-annotations\2.12.5\jackson-annotations-2.12.5.jar;C:\Users\kannans1\.m2\repository\com\fasterxml\jackson\core\jackson-core\2.12.5\jackson-core-2.12.5.jar;C:\Users\kannans1\.m2\repository\com\fasterxml\jackson\datatype\jackson-datatype-jdk8\2.12.5\jackson-datatype-jdk8-2.12.5.jar;C:\Users\kannans1\.m2\repository\com\fasterxml\jackson\datatype\jackson-datatype-jsr310\2.12.5\jackson-datatype-jsr310-2.12.5.jar;C:\Users\kannans1\.m2\repository\com\fasterxml\jackson\module\jackson-module-parameter-names\2.12.5\jackson-module-parameter-names-2.12.5.jar;C:\Users\kanna
Launcher Type: SUN_STANDARD

[Global flags]
     intx CICompilerCount                          = 3                                         {product} {ergonomic}
     uint ConcGCThreads                            = 1                                         {product} {ergonomic}
     uint G1ConcRefinementThreads                  = 4                                         {product} {ergonomic}
   size_t G1HeapRegionSize                         = 2097152                                   {product} {ergonomic}
    uintx GCDrainStackTargetSize                   = 64                                        {product} {ergonomic}
   size_t InitialHeapSize                          = 268435456                                 {product} {ergonomic}
   size_t MarkStackSize                            = 4194304                                   {product} {ergonomic}
   size_t MaxHeapSize                              = 4265607168                                {product} {ergonomic}
   size_t MaxNewSize                               = 2558525440                                {product} {ergonomic}
   size_t MinHeapDeltaBytes                        = 2097152                                   {product} {ergonomic}
   size_t MinHeapSize                              = 8388608                                   {product} {ergonomic}
    uintx NonNMethodCodeHeapSize                   = 5832780                                {pd product} {ergonomic}
    uintx NonProfiledCodeHeapSize                  = 122912730                              {pd product} {ergonomic}
    uintx ProfiledCodeHeapSize                     = 122912730                              {pd product} {ergonomic}
    uintx ReservedCodeCacheSize                    = 251658240                              {pd product} {ergonomic}
     bool SegmentedCodeCache                       = true                                      {product} {ergonomic}
     bool ShowCodeDetailsInExceptionMessages       = true                                   {manageable} {command line}
   size_t SoftMaxHeapSize                          = 4265607168                             {manageable} {ergonomic}
     bool UseCompressedClassPointers               = true                           {product lp64_product} {ergonomic}
     bool UseCompressedOops                        = true                           {product lp64_product} {ergonomic}
     bool UseG1GC                                  = true                                      {product} {ergonomic}
     bool UseLargePagesIndividualAllocation        = false                                  {pd product} {ergonomic}

Logging:
Log output configuration:
 #0: stdout all=warning uptime,level,tags
 #1: stderr all=off uptime,level,tags

Environment Variables:
JAVA_HOME=C:\zulu8.31.0.1-jdk8.0.181-win_i686
CLASSPATH=C:\Oracle\jdbc\lib\ojdbc6.jar
PATH=C:\Users\kannans1\.p2\pool\plugins\org.eclipse.justj.openjdk.hotspot.jre.full.win32.x86_64_16.0.2.v20210721-1149\jre\bin;C:/Users/kannans1/.p2/pool/plugins/org.eclipse.justj.openjdk.hotspot.jre.full.win32.x86_64_16.0.2.v20210721-1149/jre/bin/server;C:/Users/kannans1/.p2/pool/plugins/org.eclipse.justj.openjdk.hotspot.jre.full.win32.x86_64_16.0.2.v20210721-1149/jre/bin;C:\Oracle\BIN;C:\zulu8.31.0.1-jdk8.0.181-win_i686\bin;C:\WINDOWS\system32;C:\WINDOWS;C:\WINDOWS\System32\Wbem;C:\WINDOWS\System32\WindowsPowerShell\v1.0\;C:\WINDOWS\System32\OpenSSH\;C:\Program Files (x86)\Pulse Secure\VC142.CRT\X64\;C:\Program Files (x86)\Pulse Secure\VC142.CRT\X86\;C:\Program Files\PuTTY\;C:\Program Files\Git\cmd;C:\Users\kannans1\AppData\Local\Microsoft\WindowsApps;;C:\Users\kannans1\AppData\Local\Programs\Fiddler;%USERPROFILE%\AppData\Local\Microsoft\WindowsApps;C:\Users\kannans1\OneDrive - Reed Elsevier Group ICO Reed Elsevier Inc\Desktop;
USERNAME=KannanS1
OS=Windows_NT
PROCESSOR_IDENTIFIER=Intel64 Family 6 Model 142 Stepping 9, GenuineIntel



---------------  S Y S T E M  ---------------

OS:
 Windows 10 , 64 bit Build 18362 (10.0.18362.1766)
OS uptime: 0 days 8:35 hours
Hyper-V role detected

CPU: total 4 (initial active 4) (2 cores per cpu, 2 threads per core) family 6 model 142 stepping 9 microcode 0xde, cx8, cmov, fxsr, ht, mmx, 3dnowpref, sse, sse2, sse3, ssse3, sse4.1, sse4.2, popcnt, lzcnt, tsc, tscinvbit, avx, avx2, aes, erms, clmul, bmi1, bmi2, rtm, adx, fma, vzeroupper, clflush, clflushopt, hv

Memory: 4k page, system-wide physical 16264M (6335M free)
TotalPageFile size 19080M (AvailPageFile size 4928M)
current process WorkingSet (physical memory assigned to process): 264M, peak: 269M
current process commit charge ("private bytes"): 321M, peak: 412M

vm_info: OpenJDK 64-Bit Server VM (16.0.2+7-67) for windows-amd64 JRE (16.0.2+7-67), built on Jun  8 2021 23:21:43 by "mach5one" with MS VC++ 16.7 (VS2019)

END.
